[ERROR] 2023-06-13 07:47:12.899 [main] UserToXml - Implementation of JAXB-API has not been found on module path or classpath.
[ERROR] 2023-06-13 07:49:02.197 [main] UserToXml - Implementation of JAXB-API has not been found on module path or classpath.
[ERROR] 2023-06-13 07:50:23.436 [main] UserToXml - Implementation of JAXB-API has not been found on module path or classpath.
[ERROR] 2023-06-13 07:51:29.096 [main] UserToXml - 1 counts of IllegalAnnotationExceptions
[ERROR] 2023-06-13 08:01:57.220 [main] UserToXml - 1 counts of IllegalAnnotationExceptions
[ERROR] 2023-06-13 08:05:11.880 [main] UserToXml - 1 counts of IllegalAnnotationExceptions
[ERROR] 2023-06-13 08:11:08.664 [main] UserToXml - 1 counts of IllegalAnnotationExceptions
[ERROR] 2023-06-13 08:20:31.487 [main] UserToXml - 1 counts of IllegalAnnotationExceptions
[ERROR] 2023-06-13 08:21:56.372 [main] UserToXml - 1 counts of IllegalAnnotationExceptions
[ERROR] 2023-06-15 08:53:52.777 [main] UserToXml - 1 counts of IllegalAnnotationExceptions
[ERROR] 2023-06-15 12:05:07.211 [main] DAO - Cannot add or update a child row: a foreign key constraint fails (`social_network`.`user`, CONSTRAINT `fk_User_Profile` FOREIGN KEY (`user_profile_id`) REFERENCES `profile` (`id`))
[ERROR] 2023-06-15 12:07:47.813 [main] DAO - Cannot add or update a child row: a foreign key constraint fails (`social_network`.`user`, CONSTRAINT `fk_User_Profile` FOREIGN KEY (`user_profile_id`) REFERENCES `profile` (`id`))
[ERROR] 2023-06-15 12:10:25.440 [main] DAO - Cannot add or update a child row: a foreign key constraint fails (`social_network`.`user`, CONSTRAINT `fk_User_Profile` FOREIGN KEY (`user_profile_id`) REFERENCES `profile` (`id`))
[ERROR] 2023-06-15 12:58:45.416 [main] DAO - Table 'social_network.photoalbum' doesn't exist
[ERROR] 2023-06-15 13:00:34.981 [main] DAO - Table 'social_network.photoalbum' doesn't exist
[ERROR] 2023-06-15 13:02:35.787 [main] DAO - Table 'social_network.photoalbum' doesn't exist
[ERROR] 2023-06-15 13:02:35.799 [main] DAO - Parameter index out of range (1 > number of parameters, which is 0).
[ERROR] 2023-06-15 13:03:06.040 [main] DAO - Table 'social_network.photoalbum' doesn't exist
[ERROR] 2023-06-15 13:03:06.049 [main] DAO - Parameter index out of range (1 > number of parameters, which is 0).
[ERROR] 2023-06-15 13:03:31.004 [main] DAO - Table 'social_network.photoalbum' doesn't exist
[ERROR] 2023-06-15 13:03:31.014 [main] DAO - Parameter index out of range (1 > number of parameters, which is 0).
[ERROR] 2023-06-15 13:06:34.191 [main] DAO - Table 'social_network.photoalbum' doesn't exist
[ERROR] 2023-06-15 13:06:34.201 [main] DAO - Parameter index out of range (1 > number of parameters, which is 0).
[ERROR] 2023-06-15 15:47:01.751 [main] UserToXml - 1 counts of IllegalAnnotationExceptions
[ERROR] 2023-06-15 16:00:29.967 [main] UserToXml - 1 counts of IllegalAnnotationExceptions
[ERROR] 2023-06-15 16:01:51.417 [main] XmlToUser - 1 counts of IllegalAnnotationExceptions
[ERROR] 2023-06-15 16:05:30.816 [main] UserToXml - 1 counts of IllegalAnnotationExceptions
[ERROR] 2023-06-30 08:03:08.819 [main] ProfileService - java.lang.NullPointerException
[ERROR] 2023-06-30 08:03:32.400 [main] ProfileService - java.lang.NullPointerException
[ERROR] 2023-06-30 08:04:15.263 [main] ProfileService - java.lang.NullPointerException
[ERROR] 2023-06-30 08:04:36.130 [main] ProfileService - java.lang.NullPointerException
[ERROR] 2023-06-30 08:04:51.431 [main] ProfileService - java.lang.NullPointerException
[INFO ] 2023-06-30 08:04:51.585 [main] GetFromDBFacade - User{id=1, email='john@example.com', password='password123', registrationDate=2023-06-15, profile=Profile{id=1, fullName='John Doe', dateOfBirth=null, gender='null', bio='null', photoAlbums=[PhotoAlbum [id=1, photoAlbumName='Vacation Photos', dateCreated=2023-06-15]], outgoingFriendships=[com.solvd.socialnetworkdao.Friendship@6de30571], incomingFriendships=[com.solvd.socialnetworkdao.Friendship@5ee34b1b], posts=[com.solvd.socialnetworkdao.Post@3c89bb12], tags=[], groupMemberships=[com.solvd.socialnetworkdao.GroupMembership@48c4245d], outgoingMessages=[com.solvd.socialnetworkdao.Message@3df978b9], incomingMessages=[com.solvd.socialnetworkdao.Message@7906578e], likes=[com.solvd.socialnetworkdao.Like@8a62297]}}
[ERROR] 2023-06-30 08:07:57.046 [main] ProfileService - java.lang.NullPointerException
[INFO ] 2023-06-30 08:07:57.214 [main] GetFromDBFacade - User{id=1, email='john@example.com', password='password123', registrationDate=2023-06-15, profile=Profile{id=1, fullName='John Doe', dateOfBirth=null, gender='null', bio='null', photoAlbums=[PhotoAlbum [id=1, photoAlbumName='Vacation Photos', dateCreated=2023-06-15]], outgoingFriendships=[Friendship{id=1, status='Pending'}], incomingFriendships=[Friendship{id=2, status='Accepted'}], posts=[Post{id=null, dateCreated=2023-06-15, content='Hello, world!', likes=[Like{id=1}], comments=[Comment{id=1, content='Hello, world!', dateCreated=2023-06-15}], tags=[ProfileTag{id=1}], photos=[com.solvd.socialnetworkdao.Photo@6de30571]}], tags=[], groupMemberships=[GroupMembership{id=1, role='Member'}], outgoingMessages=[Message{id=1, content='Hello!', dateSent=2023-06-15}], incomingMessages=[Message{id=2, content='Hi!', dateSent=2023-06-15}], likes=[Like{id=2}]}}
